<?xml version="1.0" encoding="UTF-8"?>
<testsuites>
  <testsuite name="C:\Users\user\Desktop\S8\DevOps_Project\phpunit.xml.dist" tests="2" assertions="0" errors="2" failures="0" skipped="0" time="0.000000">
    <testsuite name="App" tests="2" assertions="0" errors="2" failures="0" skipped="0" time="0.000000">
      <testsuite name="ExampleDatabaseTest" file="C:\Users\user\Desktop\S8\DevOps_Project\tests\database\ExampleDatabaseTest.php" tests="2" assertions="0" errors="2" failures="0" skipped="0" time="0.000000">
        <testcase name="testModelFindAll" file="C:\Users\user\Desktop\S8\DevOps_Project\tests\database\ExampleDatabaseTest.php" line="17" class="ExampleDatabaseTest" classname="ExampleDatabaseTest" assertions="0" time="0.000000">
          <error type="CodeIgniter\Exceptions\CriticalError">ExampleDatabaseTest::testModelFindAll&#13;
CodeIgniter\Exceptions\CriticalError: The required PHP extension "sqlite3" is not loaded. Install and enable it to use "SQLite3" driver.
&#13;
C:\Users\user\Desktop\S8\DevOps_Project\system\Database\Database.php:182
C:\Users\user\Desktop\S8\DevOps_Project\system\Database\Database.php:59
C:\Users\user\Desktop\S8\DevOps_Project\system\Database\Config.php:84
C:\Users\user\Desktop\S8\DevOps_Project\system\Test\DatabaseTestTrait.php:82
C:\Users\user\Desktop\S8\DevOps_Project\system\Test\DatabaseTestTrait.php:59
C:\Users\user\Desktop\S8\DevOps_Project\system\Test\CIUnitTestCase.php:251</error>
        </testcase>
        <testcase name="testSoftDeleteLeavesRow" file="C:\Users\user\Desktop\S8\DevOps_Project\tests\database\ExampleDatabaseTest.php" line="28" class="ExampleDatabaseTest" classname="ExampleDatabaseTest" assertions="0" time="0.000000">
          <error type="CodeIgniter\Exceptions\CriticalError">ExampleDatabaseTest::testSoftDeleteLeavesRow&#13;
CodeIgniter\Exceptions\CriticalError: The required PHP extension "sqlite3" is not loaded. Install and enable it to use "SQLite3" driver.
&#13;
C:\Users\user\Desktop\S8\DevOps_Project\system\Database\Database.php:182
C:\Users\user\Desktop\S8\DevOps_Project\system\Database\Database.php:59
C:\Users\user\Desktop\S8\DevOps_Project\system\Database\Config.php:84
C:\Users\user\Desktop\S8\DevOps_Project\system\Test\DatabaseTestTrait.php:82
C:\Users\user\Desktop\S8\DevOps_Project\system\Test\DatabaseTestTrait.php:59
C:\Users\user\Desktop\S8\DevOps_Project\system\Test\CIUnitTestCase.php:251</error>
        </testcase>
      </testsuite>
      <testsuite name="ExampleSessionTest" file="C:\Users\user\Desktop\S8\DevOps_Project\tests\session\ExampleSessionTest.php" tests="0" assertions="0" errors="0" failures="0" skipped="0" time="0.000000"/>
      <testsuite name="HealthTest" file="C:\Users\user\Desktop\S8\DevOps_Project\tests\unit\HealthTest.php" tests="0" assertions="0" errors="0" failures="0" skipped="0" time="0.000000"/>
    </testsuite>
  </testsuite>
</testsuites>
